2024-05-14T11:39:23.362+05:30  INFO 3216 --- [Emp-Service] [main] c.g.controller.EmployeeControllerTest    : Starting EmployeeControllerTest using Java 17.0.9 with PID 3216 (started by GIRISH in D:\MyMicroservicesProjects\Emp-Service)
2024-05-14T11:39:23.376+05:30  INFO 3216 --- [Emp-Service] [main] c.g.controller.EmployeeControllerTest    : The following 1 profile is active: "dev"
2024-05-14T11:39:27.304+05:30  WARN 3216 --- [Emp-Service] [main] o.s.w.c.s.GenericWebApplicationContext   : Exception encountered during context initialization - cancelling refresh attempt: org.springframework.beans.factory.UnsatisfiedDependencyException: Error creating bean with name 'employeeController': Unsatisfied dependency expressed through field 'empRepo': No qualifying bean of type 'com.girish.repository.EmployeeRepository' available: expected at least 1 bean which qualifies as autowire candidate. Dependency annotations: {@org.springframework.beans.factory.annotation.Autowired(required=true)}
2024-05-14T11:39:27.400+05:30  INFO 3216 --- [Emp-Service] [main] .s.b.a.l.ConditionEvaluationReportLogger : 

Error starting ApplicationContext. To display the condition evaluation report re-run your application with 'debug' enabled.
2024-05-14T11:39:27.593+05:30 ERROR 3216 --- [Emp-Service] [main] o.s.b.d.LoggingFailureAnalysisReporter   : 

***************************
APPLICATION FAILED TO START
***************************

Description:

Field empRepo in com.girish.controller.EmployeeController required a bean of type 'com.girish.repository.EmployeeRepository' that could not be found.

The injection point has the following annotations:
	- @org.springframework.beans.factory.annotation.Autowired(required=true)


Action:

Consider defining a bean of type 'com.girish.repository.EmployeeRepository' in your configuration.

2024-05-14T11:39:27.685+05:30  WARN 3216 --- [Emp-Service] [main] o.s.test.context.TestContextManager      : Caught exception while allowing TestExecutionListener [org.springframework.boot.test.mock.mockito.MockitoTestExecutionListener] to prepare test instance [com.girish.controller.EmployeeControllerTest@437ed416]

java.lang.IllegalStateException: Failed to load ApplicationContext for [WebMergedContextConfiguration@50598a1a testClass = com.girish.controller.EmployeeControllerTest, locations = [], classes = [com.girish.EmpServiceApplication], contextInitializerClasses = [], activeProfiles = [], propertySourceDescriptors = [], propertySourceProperties = ["org.springframework.boot.test.autoconfigure.web.servlet.WebMvcTestContextBootstrapper=true"], contextCustomizers = [org.springframework.boot.test.autoconfigure.OverrideAutoConfigurationContextCustomizerFactory$DisableAutoConfigurationContextCustomizer@54c5a2ff, org.springframework.boot.test.autoconfigure.actuate.observability.ObservabilityContextCustomizerFactory$DisableObservabilityContextCustomizer@1f, org.springframework.boot.test.autoconfigure.filter.TypeExcludeFiltersContextCustomizer@d07d2891, org.springframework.boot.test.autoconfigure.properties.PropertyMappingContextCustomizer@1a50e4da, org.springframework.boot.test.autoconfigure.web.servlet.WebDriverContextCustomizer@59402b8f, [ImportsContextCustomizer@14de1901 key = [org.springframework.boot.autoconfigure.task.TaskExecutionAutoConfiguration, org.springframework.boot.autoconfigure.cache.CacheAutoConfiguration, org.springframework.boot.autoconfigure.web.servlet.HttpEncodingAutoConfiguration, org.springframework.boot.autoconfigure.validation.ValidationAutoConfiguration, org.springframework.boot.autoconfigure.context.MessageSourceAutoConfiguration, org.springframework.boot.autoconfigure.hateoas.HypermediaAutoConfiguration, org.springframework.boot.autoconfigure.data.web.SpringDataWebAutoConfiguration, org.springframework.boot.autoconfigure.jackson.JacksonAutoConfiguration, org.springframework.boot.test.autoconfigure.web.reactive.WebTestClientAutoConfiguration, org.springframework.boot.autoconfigure.web.servlet.error.ErrorMvcAutoConfiguration, org.springframework.boot.test.autoconfigure.web.servlet.MockMvcAutoConfiguration, org.springframework.boot.autoconfigure.security.servlet.SecurityAutoConfiguration, org.springframework.boot.autoconfigure.security.servlet.SecurityFilterAutoConfiguration, org.springframework.boot.autoconfigure.http.HttpMessageConvertersAutoConfiguration, org.springframework.boot.autoconfigure.security.oauth2.client.servlet.OAuth2ClientAutoConfiguration, org.springframework.boot.test.autoconfigure.web.servlet.MockMvcSecurityConfiguration, org.springframework.boot.test.autoconfigure.web.servlet.MockMvcWebClientAutoConfiguration, org.springframework.boot.test.autoconfigure.web.servlet.MockMvcWebDriverAutoConfiguration, org.springframework.boot.autoconfigure.thymeleaf.ThymeleafAutoConfiguration, org.springframework.boot.autoconfigure.gson.GsonAutoConfiguration, org.springframework.boot.autoconfigure.jsonb.JsonbAutoConfiguration, org.springframework.boot.autoconfigure.freemarker.FreeMarkerAutoConfiguration, org.springframework.boot.autoconfigure.web.servlet.WebMvcAutoConfiguration, org.springframework.boot.autoconfigure.security.servlet.UserDetailsServiceAutoConfiguration, org.springframework.boot.autoconfigure.security.oauth2.resource.servlet.OAuth2ResourceServerAutoConfiguration, org.springframework.boot.autoconfigure.groovy.template.GroovyTemplateAutoConfiguration, org.springframework.boot.autoconfigure.mustache.MustacheAutoConfiguration]], org.springframework.boot.test.context.filter.ExcludeFilterContextCustomizer@5fb759d6, org.springframework.boot.test.json.DuplicateJsonObjectContextCustomizerFactory$DuplicateJsonObjectContextCustomizer@68c9d179, org.springframework.boot.test.mock.mockito.MockitoContextCustomizer@32af45eb, org.springframework.boot.test.context.SpringBootTestAnnotation@d98e1db1], resourceBasePath = "src/main/webapp", contextLoader = org.springframework.boot.test.context.SpringBootContextLoader, parent = null]
	at org.springframework.test.context.cache.DefaultCacheAwareContextLoaderDelegate.loadContext(DefaultCacheAwareContextLoaderDelegate.java:180) ~[spring-test-6.1.6.jar:6.1.6]
	at org.springframework.test.context.support.DefaultTestContext.getApplicationContext(DefaultTestContext.java:130) ~[spring-test-6.1.6.jar:6.1.6]
	at org.springframework.boot.test.mock.mockito.MockitoTestExecutionListener.postProcessFields(MockitoTestExecutionListener.java:122) ~[spring-boot-test-3.2.5.jar:3.2.5]
	at org.springframework.boot.test.mock.mockito.MockitoTestExecutionListener.injectFields(MockitoTestExecutionListener.java:106) ~[spring-boot-test-3.2.5.jar:3.2.5]
	at org.springframework.boot.test.mock.mockito.MockitoTestExecutionListener.prepareTestInstance(MockitoTestExecutionListener.java:63) ~[spring-boot-test-3.2.5.jar:3.2.5]
	at org.springframework.test.context.TestContextManager.prepareTestInstance(TestContextManager.java:260) ~[spring-test-6.1.6.jar:6.1.6]
	at org.springframework.test.context.junit.jupiter.SpringExtension.postProcessTestInstance(SpringExtension.java:163) ~[spring-test-6.1.6.jar:6.1.6]
	at org.junit.jupiter.engine.descriptor.ClassBasedTestDescriptor.lambda$invokeTestInstancePostProcessors$10(ClassBasedTestDescriptor.java:378) ~[junit-jupiter-engine-5.10.2.jar:5.10.2]
	at org.junit.jupiter.engine.descriptor.ClassBasedTestDescriptor.executeAndMaskThrowable(ClassBasedTestDescriptor.java:383) ~[junit-jupiter-engine-5.10.2.jar:5.10.2]
	at org.junit.jupiter.engine.descriptor.ClassBasedTestDescriptor.lambda$invokeTestInstancePostProcessors$11(ClassBasedTestDescriptor.java:378) ~[junit-jupiter-engine-5.10.2.jar:5.10.2]
	at java.base/java.util.stream.ReferencePipeline$3$1.accept(ReferencePipeline.java:197) ~[na:na]
	at java.base/java.util.stream.ReferencePipeline$2$1.accept(ReferencePipeline.java:179) ~[na:na]
	at java.base/java.util.ArrayList$ArrayListSpliterator.forEachRemaining(ArrayList.java:1625) ~[na:na]
	at java.base/java.util.stream.AbstractPipeline.copyInto(AbstractPipeline.java:509) ~[na:na]
	at java.base/java.util.stream.AbstractPipeline.wrapAndCopyInto(AbstractPipeline.java:499) ~[na:na]
	at java.base/java.util.stream.StreamSpliterators$WrappingSpliterator.forEachRemaining(StreamSpliterators.java:310) ~[na:na]
	at java.base/java.util.stream.Streams$ConcatSpliterator.forEachRemaining(Streams.java:735) ~[na:na]
	at java.base/java.util.stream.Streams$ConcatSpliterator.forEachRemaining(Streams.java:734) ~[na:na]
	at java.base/java.util.stream.ReferencePipeline$Head.forEach(ReferencePipeline.java:762) ~[na:na]
	at org.junit.jupiter.engine.descriptor.ClassBasedTestDescriptor.invokeTestInstancePostProcessors(ClassBasedTestDescriptor.java:377) ~[junit-jupiter-engine-5.10.2.jar:5.10.2]
	at org.junit.jupiter.engine.descriptor.ClassBasedTestDescriptor.lambda$instantiateAndPostProcessTestInstance$6(ClassBasedTestDescriptor.java:290) ~[junit-jupiter-engine-5.10.2.jar:5.10.2]
	at org.junit.platform.engine.support.hierarchical.ThrowableCollector.execute(ThrowableCollector.java:73) ~[junit-platform-engine-1.10.2.jar:1.10.2]
	at org.junit.jupiter.engine.descriptor.ClassBasedTestDescriptor.instantiateAndPostProcessTestInstance(ClassBasedTestDescriptor.java:289) ~[junit-jupiter-engine-5.10.2.jar:5.10.2]
	at org.junit.jupiter.engine.descriptor.ClassBasedTestDescriptor.lambda$testInstancesProvider$4(ClassBasedTestDescriptor.java:279) ~[junit-jupiter-engine-5.10.2.jar:5.10.2]
	at java.base/java.util.Optional.orElseGet(Optional.java:364) ~[na:na]
	at org.junit.jupiter.engine.descriptor.ClassBasedTestDescriptor.lambda$testInstancesProvider$5(ClassBasedTestDescriptor.java:278) ~[junit-jupiter-engine-5.10.2.jar:5.10.2]
	at org.junit.jupiter.engine.execution.TestInstancesProvider.getTestInstances(TestInstancesProvider.java:31) ~[junit-jupiter-engine-5.10.2.jar:5.10.2]
	at org.junit.jupiter.engine.descriptor.TestMethodTestDescriptor.lambda$prepare$0(TestMethodTestDescriptor.java:106) ~[junit-jupiter-engine-5.10.2.jar:5.10.2]
	at org.junit.platform.engine.support.hierarchical.ThrowableCollector.execute(ThrowableCollector.java:73) ~[junit-platform-engine-1.10.2.jar:1.10.2]
	at org.junit.jupiter.engine.descriptor.TestMethodTestDescriptor.prepare(TestMethodTestDescriptor.java:105) ~[junit-jupiter-engine-5.10.2.jar:5.10.2]
	at org.junit.jupiter.engine.descriptor.TestMethodTestDescriptor.prepare(TestMethodTestDescriptor.java:69) ~[junit-jupiter-engine-5.10.2.jar:5.10.2]
	at org.junit.platform.engine.support.hierarchical.NodeTestTask.lambda$prepare$2(NodeTestTask.java:123) ~[junit-platform-engine-1.10.2.jar:1.10.2]
	at org.junit.platform.engine.support.hierarchical.ThrowableCollector.execute(ThrowableCollector.java:73) ~[junit-platform-engine-1.10.2.jar:1.10.2]
	at org.junit.platform.engine.support.hierarchical.NodeTestTask.prepare(NodeTestTask.java:123) ~[junit-platform-engine-1.10.2.jar:1.10.2]
	at org.junit.platform.engine.support.hierarchical.NodeTestTask.execute(NodeTestTask.java:90) ~[junit-platform-engine-1.10.2.jar:1.10.2]
	at java.base/java.util.ArrayList.forEach(ArrayList.java:1511) ~[na:na]
	at org.junit.platform.engine.support.hierarchical.SameThreadHierarchicalTestExecutorService.invokeAll(SameThreadHierarchicalTestExecutorService.java:41) ~[junit-platform-engine-1.10.2.jar:1.10.2]
	at org.junit.platform.engine.support.hierarchical.NodeTestTask.lambda$executeRecursively$6(NodeTestTask.java:155) ~[junit-platform-engine-1.10.2.jar:1.10.2]
	at org.junit.platform.engine.support.hierarchical.ThrowableCollector.execute(ThrowableCollector.java:73) ~[junit-platform-engine-1.10.2.jar:1.10.2]
	at org.junit.platform.engine.support.hierarchical.NodeTestTask.lambda$executeRecursively$8(NodeTestTask.java:141) ~[junit-platform-engine-1.10.2.jar:1.10.2]
	at org.junit.platform.engine.support.hierarchical.Node.around(Node.java:137) ~[junit-platform-engine-1.10.2.jar:1.10.2]
	at org.junit.platform.engine.support.hierarchical.NodeTestTask.lambda$executeRecursively$9(NodeTestTask.java:139) ~[junit-platform-engine-1.10.2.jar:1.10.2]
	at org.junit.platform.engine.support.hierarchical.ThrowableCollector.execute(ThrowableCollector.java:73) ~[junit-platform-engine-1.10.2.jar:1.10.2]
	at org.junit.platform.engine.support.hierarchical.NodeTestTask.executeRecursively(NodeTestTask.java:138) ~[junit-platform-engine-1.10.2.jar:1.10.2]
	at org.junit.platform.engine.support.hierarchical.NodeTestTask.execute(NodeTestTask.java:95) ~[junit-platform-engine-1.10.2.jar:1.10.2]
	at java.base/java.util.ArrayList.forEach(ArrayList.java:1511) ~[na:na]
	at org.junit.platform.engine.support.hierarchical.SameThreadHierarchicalTestExecutorService.invokeAll(SameThreadHierarchicalTestExecutorService.java:41) ~[junit-platform-engine-1.10.2.jar:1.10.2]
	at org.junit.platform.engine.support.hierarchical.NodeTestTask.lambda$executeRecursively$6(NodeTestTask.java:155) ~[junit-platform-engine-1.10.2.jar:1.10.2]
	at org.junit.platform.engine.support.hierarchical.ThrowableCollector.execute(ThrowableCollector.java:73) ~[junit-platform-engine-1.10.2.jar:1.10.2]
	at org.junit.platform.engine.support.hierarchical.NodeTestTask.lambda$executeRecursively$8(NodeTestTask.java:141) ~[junit-platform-engine-1.10.2.jar:1.10.2]
	at org.junit.platform.engine.support.hierarchical.Node.around(Node.java:137) ~[junit-platform-engine-1.10.2.jar:1.10.2]
	at org.junit.platform.engine.support.hierarchical.NodeTestTask.lambda$executeRecursively$9(NodeTestTask.java:139) ~[junit-platform-engine-1.10.2.jar:1.10.2]
	at org.junit.platform.engine.support.hierarchical.ThrowableCollector.execute(ThrowableCollector.java:73) ~[junit-platform-engine-1.10.2.jar:1.10.2]
	at org.junit.platform.engine.support.hierarchical.NodeTestTask.executeRecursively(NodeTestTask.java:138) ~[junit-platform-engine-1.10.2.jar:1.10.2]
	at org.junit.platform.engine.support.hierarchical.NodeTestTask.execute(NodeTestTask.java:95) ~[junit-platform-engine-1.10.2.jar:1.10.2]
	at org.junit.platform.engine.support.hierarchical.SameThreadHierarchicalTestExecutorService.submit(SameThreadHierarchicalTestExecutorService.java:35) ~[junit-platform-engine-1.10.2.jar:1.10.2]
	at org.junit.platform.engine.support.hierarchical.HierarchicalTestExecutor.execute(HierarchicalTestExecutor.java:57) ~[junit-platform-engine-1.10.2.jar:1.10.2]
	at org.junit.platform.engine.support.hierarchical.HierarchicalTestEngine.execute(HierarchicalTestEngine.java:54) ~[junit-platform-engine-1.10.2.jar:1.10.2]
	at org.junit.platform.launcher.core.EngineExecutionOrchestrator.execute(EngineExecutionOrchestrator.java:198) ~[.cp/:na]
	at org.junit.platform.launcher.core.EngineExecutionOrchestrator.execute(EngineExecutionOrchestrator.java:169) ~[.cp/:na]
	at org.junit.platform.launcher.core.EngineExecutionOrchestrator.execute(EngineExecutionOrchestrator.java:93) ~[.cp/:na]
	at org.junit.platform.launcher.core.EngineExecutionOrchestrator.lambda$execute$0(EngineExecutionOrchestrator.java:58) ~[.cp/:na]
	at org.junit.platform.launcher.core.EngineExecutionOrchestrator.withInterceptedStreams(EngineExecutionOrchestrator.java:141) ~[.cp/:na]
	at org.junit.platform.launcher.core.EngineExecutionOrchestrator.execute(EngineExecutionOrchestrator.java:57) ~[.cp/:na]
	at org.junit.platform.launcher.core.DefaultLauncher.execute(DefaultLauncher.java:103) ~[.cp/:na]
	at org.junit.platform.launcher.core.DefaultLauncher.execute(DefaultLauncher.java:94) ~[.cp/:na]
	at org.junit.platform.launcher.core.DelegatingLauncher.execute(DelegatingLauncher.java:52) ~[.cp/:na]
	at org.junit.platform.launcher.core.SessionPerRequestLauncher.execute(SessionPerRequestLauncher.java:70) ~[.cp/:na]
	at org.eclipse.jdt.internal.junit5.runner.JUnit5TestReference.run(JUnit5TestReference.java:100) ~[.cp/:na]
	at org.eclipse.jdt.internal.junit.runner.TestExecution.run(TestExecution.java:40) ~[.cp/:na]
	at org.eclipse.jdt.internal.junit.runner.RemoteTestRunner.runTests(RemoteTestRunner.java:529) ~[.cp/:na]
	at org.eclipse.jdt.internal.junit.runner.RemoteTestRunner.runTests(RemoteTestRunner.java:757) ~[.cp/:na]
	at org.eclipse.jdt.internal.junit.runner.RemoteTestRunner.run(RemoteTestRunner.java:452) ~[.cp/:na]
	at org.eclipse.jdt.internal.junit.runner.RemoteTestRunner.main(RemoteTestRunner.java:210) ~[.cp/:na]
Caused by: org.springframework.beans.factory.UnsatisfiedDependencyException: Error creating bean with name 'employeeController': Unsatisfied dependency expressed through field 'empRepo': No qualifying bean of type 'com.girish.repository.EmployeeRepository' available: expected at least 1 bean which qualifies as autowire candidate. Dependency annotations: {@org.springframework.beans.factory.annotation.Autowired(required=true)}
	at org.springframework.beans.factory.annotation.AutowiredAnnotationBeanPostProcessor$AutowiredFieldElement.resolveFieldValue(AutowiredAnnotationBeanPostProcessor.java:787) ~[spring-beans-6.1.6.jar:6.1.6]
	at org.springframework.beans.factory.annotation.AutowiredAnnotationBeanPostProcessor$AutowiredFieldElement.inject(AutowiredAnnotationBeanPostProcessor.java:767) ~[spring-beans-6.1.6.jar:6.1.6]
	at org.springframework.beans.factory.annotation.InjectionMetadata.inject(InjectionMetadata.java:145) ~[spring-beans-6.1.6.jar:6.1.6]
	at org.springframework.beans.factory.annotation.AutowiredAnnotationBeanPostProcessor.postProcessProperties(AutowiredAnnotationBeanPostProcessor.java:508) ~[spring-beans-6.1.6.jar:6.1.6]
	at org.springframework.beans.factory.support.AbstractAutowireCapableBeanFactory.populateBean(AbstractAutowireCapableBeanFactory.java:1419) ~[spring-beans-6.1.6.jar:6.1.6]
	at org.springframework.beans.factory.support.AbstractAutowireCapableBeanFactory.doCreateBean(AbstractAutowireCapableBeanFactory.java:599) ~[spring-beans-6.1.6.jar:6.1.6]
	at org.springframework.beans.factory.support.AbstractAutowireCapableBeanFactory.createBean(AbstractAutowireCapableBeanFactory.java:522) ~[spring-beans-6.1.6.jar:6.1.6]
	at org.springframework.beans.factory.support.AbstractBeanFactory.lambda$doGetBean$0(AbstractBeanFactory.java:326) ~[spring-beans-6.1.6.jar:6.1.6]
	at org.springframework.beans.factory.support.DefaultSingletonBeanRegistry.getSingleton(DefaultSingletonBeanRegistry.java:234) ~[spring-beans-6.1.6.jar:6.1.6]
	at org.springframework.beans.factory.support.AbstractBeanFactory.doGetBean(AbstractBeanFactory.java:324) ~[spring-beans-6.1.6.jar:6.1.6]
	at org.springframework.beans.factory.support.AbstractBeanFactory.getBean(AbstractBeanFactory.java:200) ~[spring-beans-6.1.6.jar:6.1.6]
	at org.springframework.beans.factory.support.DefaultListableBeanFactory.preInstantiateSingletons(DefaultListableBeanFactory.java:975) ~[spring-beans-6.1.6.jar:6.1.6]
	at org.springframework.context.support.AbstractApplicationContext.finishBeanFactoryInitialization(AbstractApplicationContext.java:962) ~[spring-context-6.1.6.jar:6.1.6]
	at org.springframework.context.support.AbstractApplicationContext.refresh(AbstractApplicationContext.java:624) ~[spring-context-6.1.6.jar:6.1.6]
	at org.springframework.boot.SpringApplication.refresh(SpringApplication.java:754) ~[spring-boot-3.2.5.jar:3.2.5]
	at org.springframework.boot.SpringApplication.refreshContext(SpringApplication.java:456) ~[spring-boot-3.2.5.jar:3.2.5]
	at org.springframework.boot.SpringApplication.run(SpringApplication.java:334) ~[spring-boot-3.2.5.jar:3.2.5]
	at org.springframework.boot.test.context.SpringBootContextLoader.lambda$loadContext$3(SpringBootContextLoader.java:137) ~[spring-boot-test-3.2.5.jar:3.2.5]
	at org.springframework.util.function.ThrowingSupplier.get(ThrowingSupplier.java:58) ~[spring-core-6.1.6.jar:6.1.6]
	at org.springframework.util.function.ThrowingSupplier.get(ThrowingSupplier.java:46) ~[spring-core-6.1.6.jar:6.1.6]
	at org.springframework.boot.SpringApplication.withHook(SpringApplication.java:1454) ~[spring-boot-3.2.5.jar:3.2.5]
	at org.springframework.boot.test.context.SpringBootContextLoader$ContextLoaderHook.run(SpringBootContextLoader.java:553) ~[spring-boot-test-3.2.5.jar:3.2.5]
	at org.springframework.boot.test.context.SpringBootContextLoader.loadContext(SpringBootContextLoader.java:137) ~[spring-boot-test-3.2.5.jar:3.2.5]
	at org.springframework.boot.test.context.SpringBootContextLoader.loadContext(SpringBootContextLoader.java:108) ~[spring-boot-test-3.2.5.jar:3.2.5]
	at org.springframework.test.context.cache.DefaultCacheAwareContextLoaderDelegate.loadContextInternal(DefaultCacheAwareContextLoaderDelegate.java:225) ~[spring-test-6.1.6.jar:6.1.6]
	at org.springframework.test.context.cache.DefaultCacheAwareContextLoaderDelegate.loadContext(DefaultCacheAwareContextLoaderDelegate.java:152) ~[spring-test-6.1.6.jar:6.1.6]
	... 73 common frames omitted
Caused by: org.springframework.beans.factory.NoSuchBeanDefinitionException: No qualifying bean of type 'com.girish.repository.EmployeeRepository' available: expected at least 1 bean which qualifies as autowire candidate. Dependency annotations: {@org.springframework.beans.factory.annotation.Autowired(required=true)}
	at org.springframework.beans.factory.support.DefaultListableBeanFactory.raiseNoMatchingBeanFound(DefaultListableBeanFactory.java:1880) ~[spring-beans-6.1.6.jar:6.1.6]
	at org.springframework.beans.factory.support.DefaultListableBeanFactory.doResolveDependency(DefaultListableBeanFactory.java:1406) ~[spring-beans-6.1.6.jar:6.1.6]
	at org.springframework.beans.factory.support.DefaultListableBeanFactory.resolveDependency(DefaultListableBeanFactory.java:1353) ~[spring-beans-6.1.6.jar:6.1.6]
	at org.springframework.beans.factory.annotation.AutowiredAnnotationBeanPostProcessor$AutowiredFieldElement.resolveFieldValue(AutowiredAnnotationBeanPostProcessor.java:784) ~[spring-beans-6.1.6.jar:6.1.6]
	... 98 common frames omitted

2024-05-14T11:41:42.790+05:30  INFO 5296 --- [Emp-Service] [main] c.g.controller.EmployeeControllerTest    : Starting EmployeeControllerTest using Java 17.0.9 with PID 5296 (started by GIRISH in D:\MyMicroservicesProjects\Emp-Service)
2024-05-14T11:41:42.797+05:30  INFO 5296 --- [Emp-Service] [main] c.g.controller.EmployeeControllerTest    : The following 1 profile is active: "dev"
2024-05-14T11:41:48.369+05:30  INFO 5296 --- [Emp-Service] [main] o.s.b.t.m.w.SpringBootMockServletContext : Initializing Spring TestDispatcherServlet ''
2024-05-14T11:41:48.377+05:30  INFO 5296 --- [Emp-Service] [main] o.s.t.web.servlet.TestDispatcherServlet  : Initializing Servlet ''
2024-05-14T11:41:48.384+05:30  INFO 5296 --- [Emp-Service] [main] o.s.t.web.servlet.TestDispatcherServlet  : Completed initialization in 4 ms
2024-05-14T11:41:48.498+05:30  INFO 5296 --- [Emp-Service] [main] c.g.controller.EmployeeControllerTest    : Started EmployeeControllerTest in 7.175 seconds (process running for 9.981)
2024-05-14T11:45:27.659+05:30  INFO 1116 --- [Emp-Service] [main] c.g.controller.EmployeeControllerTest    : Starting EmployeeControllerTest using Java 17.0.9 with PID 1116 (started by GIRISH in D:\MyMicroservicesProjects\Emp-Service)
2024-05-14T11:45:27.666+05:30  INFO 1116 --- [Emp-Service] [main] c.g.controller.EmployeeControllerTest    : The following 1 profile is active: "dev"
2024-05-14T11:45:33.270+05:30  INFO 1116 --- [Emp-Service] [main] o.s.b.t.m.w.SpringBootMockServletContext : Initializing Spring TestDispatcherServlet ''
2024-05-14T11:45:33.277+05:30  INFO 1116 --- [Emp-Service] [main] o.s.t.web.servlet.TestDispatcherServlet  : Initializing Servlet ''
2024-05-14T11:45:33.287+05:30  INFO 1116 --- [Emp-Service] [main] o.s.t.web.servlet.TestDispatcherServlet  : Completed initialization in 8 ms
2024-05-14T11:45:33.385+05:30  INFO 1116 --- [Emp-Service] [main] c.g.controller.EmployeeControllerTest    : Started EmployeeControllerTest in 7.275 seconds (process running for 10.043)
2024-05-14T11:49:28.229+05:30  INFO 10236 --- [Emp-Service] [main] c.g.controller.EmployeeControllerTest    : Starting EmployeeControllerTest using Java 17.0.9 with PID 10236 (started by GIRISH in D:\MyMicroservicesProjects\Emp-Service)
2024-05-14T11:49:28.236+05:30  INFO 10236 --- [Emp-Service] [main] c.g.controller.EmployeeControllerTest    : The following 1 profile is active: "dev"
2024-05-14T11:49:33.758+05:30  INFO 10236 --- [Emp-Service] [main] o.s.b.t.m.w.SpringBootMockServletContext : Initializing Spring TestDispatcherServlet ''
2024-05-14T11:49:33.764+05:30  INFO 10236 --- [Emp-Service] [main] o.s.t.web.servlet.TestDispatcherServlet  : Initializing Servlet ''
2024-05-14T11:49:33.769+05:30  INFO 10236 --- [Emp-Service] [main] o.s.t.web.servlet.TestDispatcherServlet  : Completed initialization in 4 ms
2024-05-14T11:49:33.871+05:30  INFO 10236 --- [Emp-Service] [main] c.g.controller.EmployeeControllerTest    : Started EmployeeControllerTest in 7.179 seconds (process running for 9.98)
2024-05-14T11:57:19.574+05:30  INFO 6084 --- [Emp-Service] [main] c.g.controller.EmployeeControllerTest    : Starting EmployeeControllerTest using Java 17.0.9 with PID 6084 (started by GIRISH in D:\MyMicroservicesProjects\Emp-Service)
2024-05-14T11:57:19.585+05:30  INFO 6084 --- [Emp-Service] [main] c.g.controller.EmployeeControllerTest    : The following 1 profile is active: "dev"
2024-05-14T11:57:25.223+05:30  INFO 6084 --- [Emp-Service] [main] o.s.b.t.m.w.SpringBootMockServletContext : Initializing Spring TestDispatcherServlet ''
2024-05-14T11:57:25.229+05:30  INFO 6084 --- [Emp-Service] [main] o.s.t.web.servlet.TestDispatcherServlet  : Initializing Servlet ''
2024-05-14T11:57:25.237+05:30  INFO 6084 --- [Emp-Service] [main] o.s.t.web.servlet.TestDispatcherServlet  : Completed initialization in 7 ms
2024-05-14T11:57:25.330+05:30  INFO 6084 --- [Emp-Service] [main] c.g.controller.EmployeeControllerTest    : Started EmployeeControllerTest in 7.131 seconds (process running for 10.157)
2024-05-14T12:17:22.467+05:30  INFO 1908 --- [Emp-Service] [main] c.g.controller.EmployeeControllerTest    : Starting EmployeeControllerTest using Java 17.0.9 with PID 1908 (started by GIRISH in D:\MyMicroservicesProjects\Emp-Service)
2024-05-14T12:17:22.476+05:30  INFO 1908 --- [Emp-Service] [main] c.g.controller.EmployeeControllerTest    : The following 1 profile is active: "dev"
2024-05-14T12:17:28.190+05:30  INFO 1908 --- [Emp-Service] [main] o.s.b.t.m.w.SpringBootMockServletContext : Initializing Spring TestDispatcherServlet ''
2024-05-14T12:17:28.197+05:30  INFO 1908 --- [Emp-Service] [main] o.s.t.web.servlet.TestDispatcherServlet  : Initializing Servlet ''
2024-05-14T12:17:28.206+05:30  INFO 1908 --- [Emp-Service] [main] o.s.t.web.servlet.TestDispatcherServlet  : Completed initialization in 6 ms
2024-05-14T12:17:28.313+05:30  INFO 1908 --- [Emp-Service] [main] c.g.controller.EmployeeControllerTest    : Started EmployeeControllerTest in 7.262 seconds (process running for 10.268)
2024-05-14T12:23:52.294+05:30  INFO 15620 --- [Emp-Service] [main] c.g.controller.EmployeeControllerTest    : Starting EmployeeControllerTest using Java 17.0.9 with PID 15620 (started by GIRISH in D:\MyMicroservicesProjects\Emp-Service)
2024-05-14T12:23:52.301+05:30  INFO 15620 --- [Emp-Service] [main] c.g.controller.EmployeeControllerTest    : The following 1 profile is active: "dev"
2024-05-14T12:23:57.795+05:30  INFO 15620 --- [Emp-Service] [main] o.s.b.t.m.w.SpringBootMockServletContext : Initializing Spring TestDispatcherServlet ''
2024-05-14T12:23:57.801+05:30  INFO 15620 --- [Emp-Service] [main] o.s.t.web.servlet.TestDispatcherServlet  : Initializing Servlet ''
2024-05-14T12:23:57.804+05:30  INFO 15620 --- [Emp-Service] [main] o.s.t.web.servlet.TestDispatcherServlet  : Completed initialization in 3 ms
2024-05-14T12:23:57.900+05:30  INFO 15620 --- [Emp-Service] [main] c.g.controller.EmployeeControllerTest    : Started EmployeeControllerTest in 7.062 seconds (process running for 9.752)
2024-05-14T12:50:40.985+05:30  INFO 13980 --- [Emp-Service] [main] c.g.controller.EmployeeControllerTest    : Starting EmployeeControllerTest using Java 17.0.9 with PID 13980 (started by GIRISH in D:\MyMicroservicesProjects\Emp-Service)
2024-05-14T12:50:40.995+05:30  INFO 13980 --- [Emp-Service] [main] c.g.controller.EmployeeControllerTest    : The following 1 profile is active: "dev"
2024-05-14T12:50:46.552+05:30  INFO 13980 --- [Emp-Service] [main] o.s.b.t.m.w.SpringBootMockServletContext : Initializing Spring TestDispatcherServlet ''
2024-05-14T12:50:46.558+05:30  INFO 13980 --- [Emp-Service] [main] o.s.t.web.servlet.TestDispatcherServlet  : Initializing Servlet ''
2024-05-14T12:50:46.566+05:30  INFO 13980 --- [Emp-Service] [main] o.s.t.web.servlet.TestDispatcherServlet  : Completed initialization in 5 ms
2024-05-14T12:50:46.668+05:30  INFO 13980 --- [Emp-Service] [main] c.g.controller.EmployeeControllerTest    : Started EmployeeControllerTest in 7.133 seconds (process running for 9.95)
2024-05-14T12:51:19.722+05:30  INFO 9188 --- [Emp-Service] [main] c.g.controller.EmployeeControllerTest    : Starting EmployeeControllerTest using Java 17.0.9 with PID 9188 (started by GIRISH in D:\MyMicroservicesProjects\Emp-Service)
2024-05-14T12:51:19.732+05:30  INFO 9188 --- [Emp-Service] [main] c.g.controller.EmployeeControllerTest    : The following 1 profile is active: "dev"
2024-05-14T12:51:25.491+05:30  INFO 9188 --- [Emp-Service] [main] o.s.b.t.m.w.SpringBootMockServletContext : Initializing Spring TestDispatcherServlet ''
2024-05-14T12:51:25.495+05:30  INFO 9188 --- [Emp-Service] [main] o.s.t.web.servlet.TestDispatcherServlet  : Initializing Servlet ''
2024-05-14T12:51:25.502+05:30  INFO 9188 --- [Emp-Service] [main] o.s.t.web.servlet.TestDispatcherServlet  : Completed initialization in 6 ms
2024-05-14T12:51:25.594+05:30  INFO 9188 --- [Emp-Service] [main] c.g.controller.EmployeeControllerTest    : Started EmployeeControllerTest in 7.435 seconds (process running for 10.228)
2024-05-14T12:51:26.627+05:30  INFO 9188 --- [Emp-Service] [main] c.girish.controller.EmployeeController   : EmployeeController - getByEmployeeId-id:29
2024-05-14T12:52:37.265+05:30  INFO 5304 --- [Emp-Service] [main] c.g.controller.EmployeeControllerTest    : Starting EmployeeControllerTest using Java 17.0.9 with PID 5304 (started by GIRISH in D:\MyMicroservicesProjects\Emp-Service)
2024-05-14T12:52:37.274+05:30  INFO 5304 --- [Emp-Service] [main] c.g.controller.EmployeeControllerTest    : The following 1 profile is active: "dev"
2024-05-14T12:52:42.895+05:30  INFO 5304 --- [Emp-Service] [main] o.s.b.t.m.w.SpringBootMockServletContext : Initializing Spring TestDispatcherServlet ''
2024-05-14T12:52:42.902+05:30  INFO 5304 --- [Emp-Service] [main] o.s.t.web.servlet.TestDispatcherServlet  : Initializing Servlet ''
2024-05-14T12:52:42.910+05:30  INFO 5304 --- [Emp-Service] [main] o.s.t.web.servlet.TestDispatcherServlet  : Completed initialization in 7 ms
2024-05-14T12:52:42.999+05:30  INFO 5304 --- [Emp-Service] [main] c.g.controller.EmployeeControllerTest    : Started EmployeeControllerTest in 7.223 seconds (process running for 9.903)
2024-05-14T12:52:43.471+05:30  INFO 5304 --- [Emp-Service] [main] c.girish.controller.EmployeeController   : EmployeeController - getByEmployeeId-id:29
2024-05-14T12:52:44.034+05:30  INFO 5304 --- [Emp-Service] [main] c.girish.controller.EmployeeController   : EmployeeController - getByEmployeeId-id:2
2024-05-14T12:53:28.212+05:30  INFO 14408 --- [Emp-Service] [main] c.g.controller.EmployeeControllerTest    : Starting EmployeeControllerTest using Java 17.0.9 with PID 14408 (started by GIRISH in D:\MyMicroservicesProjects\Emp-Service)
2024-05-14T12:53:28.220+05:30  INFO 14408 --- [Emp-Service] [main] c.g.controller.EmployeeControllerTest    : The following 1 profile is active: "dev"
2024-05-14T12:53:33.735+05:30  INFO 14408 --- [Emp-Service] [main] o.s.b.t.m.w.SpringBootMockServletContext : Initializing Spring TestDispatcherServlet ''
2024-05-14T12:53:33.743+05:30  INFO 14408 --- [Emp-Service] [main] o.s.t.web.servlet.TestDispatcherServlet  : Initializing Servlet ''
2024-05-14T12:53:33.750+05:30  INFO 14408 --- [Emp-Service] [main] o.s.t.web.servlet.TestDispatcherServlet  : Completed initialization in 4 ms
2024-05-14T12:53:33.842+05:30  INFO 14408 --- [Emp-Service] [main] c.g.controller.EmployeeControllerTest    : Started EmployeeControllerTest in 7.126 seconds (process running for 9.896)
2024-05-14T12:53:34.261+05:30  INFO 14408 --- [Emp-Service] [main] c.girish.controller.EmployeeController   : EmployeeController - getByEmployeeId-id:29
2024-05-14T12:53:34.796+05:30  INFO 14408 --- [Emp-Service] [main] c.girish.controller.EmployeeController   : EmployeeController - getByEmployeeId-id:3
2024-05-14T12:56:31.176+05:30  INFO 7376 --- [Emp-Service] [main] c.g.controller.EmployeeControllerTest    : Starting EmployeeControllerTest using Java 17.0.9 with PID 7376 (started by GIRISH in D:\MyMicroservicesProjects\Emp-Service)
2024-05-14T12:56:31.186+05:30  INFO 7376 --- [Emp-Service] [main] c.g.controller.EmployeeControllerTest    : The following 1 profile is active: "dev"
2024-05-14T12:56:36.855+05:30  INFO 7376 --- [Emp-Service] [main] o.s.b.t.m.w.SpringBootMockServletContext : Initializing Spring TestDispatcherServlet ''
2024-05-14T12:56:36.861+05:30  INFO 7376 --- [Emp-Service] [main] o.s.t.web.servlet.TestDispatcherServlet  : Initializing Servlet ''
2024-05-14T12:56:36.865+05:30  INFO 7376 --- [Emp-Service] [main] o.s.t.web.servlet.TestDispatcherServlet  : Completed initialization in 3 ms
2024-05-14T12:56:36.966+05:30  INFO 7376 --- [Emp-Service] [main] c.g.controller.EmployeeControllerTest    : Started EmployeeControllerTest in 7.261 seconds (process running for 10.021)
2024-05-14T12:56:37.434+05:30  INFO 7376 --- [Emp-Service] [main] c.girish.controller.EmployeeController   : EmployeeController - getByEmployeeId-id:29
2024-05-14T12:56:38.079+05:30  INFO 7376 --- [Emp-Service] [main] c.girish.controller.EmployeeController   : EmployeeController - getByEmployeeId-id:3
2024-05-14T13:02:02.100+05:30  INFO 7520 --- [Emp-Service] [main] c.g.controller.EmployeeControllerTest    : Starting EmployeeControllerTest using Java 17.0.9 with PID 7520 (started by GIRISH in D:\MyMicroservicesProjects\Emp-Service)
2024-05-14T13:02:02.108+05:30  INFO 7520 --- [Emp-Service] [main] c.g.controller.EmployeeControllerTest    : The following 1 profile is active: "dev"
2024-05-14T13:02:07.552+05:30  INFO 7520 --- [Emp-Service] [main] o.s.b.t.m.w.SpringBootMockServletContext : Initializing Spring TestDispatcherServlet ''
2024-05-14T13:02:07.558+05:30  INFO 7520 --- [Emp-Service] [main] o.s.t.web.servlet.TestDispatcherServlet  : Initializing Servlet ''
2024-05-14T13:02:07.562+05:30  INFO 7520 --- [Emp-Service] [main] o.s.t.web.servlet.TestDispatcherServlet  : Completed initialization in 3 ms
2024-05-14T13:02:07.660+05:30  INFO 7520 --- [Emp-Service] [main] c.g.controller.EmployeeControllerTest    : Started EmployeeControllerTest in 6.966 seconds (process running for 9.756)
2024-05-14T13:02:08.076+05:30  INFO 7520 --- [Emp-Service] [main] c.girish.controller.EmployeeController   : EmployeeController - getByEmployeeId-id:29
2024-05-14T13:18:40.071+05:30  INFO 3052 --- [Emp-Service] [main] c.g.controller.EmployeeControllerTest    : Starting EmployeeControllerTest using Java 17.0.9 with PID 3052 (started by GIRISH in D:\MyMicroservicesProjects\Emp-Service)
2024-05-14T13:18:40.080+05:30  INFO 3052 --- [Emp-Service] [main] c.g.controller.EmployeeControllerTest    : The following 1 profile is active: "dev"
2024-05-14T13:18:45.726+05:30  INFO 3052 --- [Emp-Service] [main] o.s.b.t.m.w.SpringBootMockServletContext : Initializing Spring TestDispatcherServlet ''
2024-05-14T13:18:45.732+05:30  INFO 3052 --- [Emp-Service] [main] o.s.t.web.servlet.TestDispatcherServlet  : Initializing Servlet ''
2024-05-14T13:18:45.735+05:30  INFO 3052 --- [Emp-Service] [main] o.s.t.web.servlet.TestDispatcherServlet  : Completed initialization in 3 ms
2024-05-14T13:18:45.824+05:30  INFO 3052 --- [Emp-Service] [main] c.g.controller.EmployeeControllerTest    : Started EmployeeControllerTest in 7.282 seconds (process running for 10.544)
2024-05-14T13:18:46.271+05:30  INFO 3052 --- [Emp-Service] [main] c.girish.controller.EmployeeController   : EmployeeController - getByEmployeeId-id:29
2024-05-14T13:18:46.956+05:30  INFO 3052 --- [Emp-Service] [main] c.girish.controller.EmployeeController   : EmployeeController - getByEmployeeId-id:3
2024-05-14T13:19:25.723+05:30  INFO 14400 --- [Emp-Service] [main] c.g.controller.EmployeeControllerTest    : Starting EmployeeControllerTest using Java 17.0.9 with PID 14400 (started by GIRISH in D:\MyMicroservicesProjects\Emp-Service)
2024-05-14T13:19:25.731+05:30  INFO 14400 --- [Emp-Service] [main] c.g.controller.EmployeeControllerTest    : The following 1 profile is active: "dev"
2024-05-14T13:19:31.333+05:30  INFO 14400 --- [Emp-Service] [main] o.s.b.t.m.w.SpringBootMockServletContext : Initializing Spring TestDispatcherServlet ''
2024-05-14T13:19:31.340+05:30  INFO 14400 --- [Emp-Service] [main] o.s.t.web.servlet.TestDispatcherServlet  : Initializing Servlet ''
2024-05-14T13:19:31.344+05:30  INFO 14400 --- [Emp-Service] [main] o.s.t.web.servlet.TestDispatcherServlet  : Completed initialization in 3 ms
2024-05-14T13:19:31.436+05:30  INFO 14400 --- [Emp-Service] [main] c.g.controller.EmployeeControllerTest    : Started EmployeeControllerTest in 7.112 seconds (process running for 9.825)
2024-05-14T13:19:31.866+05:30  INFO 14400 --- [Emp-Service] [main] c.girish.controller.EmployeeController   : EmployeeController - getByEmployeeId-id:29
2024-05-14T13:19:32.570+05:30  INFO 14400 --- [Emp-Service] [main] c.girish.controller.EmployeeController   : EmployeeController - getByEmployeeId-id:3
2024-05-14T13:21:55.520+05:30  INFO 12092 --- [Emp-Service] [main] c.g.controller.EmployeeControllerTest    : Starting EmployeeControllerTest using Java 17.0.9 with PID 12092 (started by GIRISH in D:\MyMicroservicesProjects\Emp-Service)
2024-05-14T13:21:55.527+05:30  INFO 12092 --- [Emp-Service] [main] c.g.controller.EmployeeControllerTest    : The following 1 profile is active: "dev"
2024-05-14T13:22:01.420+05:30  INFO 12092 --- [Emp-Service] [main] o.s.b.t.m.w.SpringBootMockServletContext : Initializing Spring TestDispatcherServlet ''
2024-05-14T13:22:01.425+05:30  INFO 12092 --- [Emp-Service] [main] o.s.t.web.servlet.TestDispatcherServlet  : Initializing Servlet ''
2024-05-14T13:22:01.432+05:30  INFO 12092 --- [Emp-Service] [main] o.s.t.web.servlet.TestDispatcherServlet  : Completed initialization in 3 ms
2024-05-14T13:22:01.531+05:30  INFO 12092 --- [Emp-Service] [main] c.g.controller.EmployeeControllerTest    : Started EmployeeControllerTest in 7.586 seconds (process running for 10.362)
2024-05-14T13:22:02.044+05:30  INFO 12092 --- [Emp-Service] [main] c.girish.controller.EmployeeController   : EmployeeController - getByEmployeeId-id:29
2024-05-14T13:22:02.471+05:30  INFO 12092 --- [Emp-Service] [main] c.girish.controller.EmployeeController   : EmployeeController - getByEmployeeId-id:3
2024-05-14T13:26:36.825+05:30  INFO 10184 --- [Emp-Service] [main] c.g.controller.EmployeeControllerTest    : Starting EmployeeControllerTest using Java 17.0.9 with PID 10184 (started by GIRISH in D:\MyMicroservicesProjects\Emp-Service)
2024-05-14T13:26:36.834+05:30  INFO 10184 --- [Emp-Service] [main] c.g.controller.EmployeeControllerTest    : The following 1 profile is active: "dev"
2024-05-14T13:26:42.429+05:30  INFO 10184 --- [Emp-Service] [main] o.s.b.t.m.w.SpringBootMockServletContext : Initializing Spring TestDispatcherServlet ''
2024-05-14T13:26:42.434+05:30  INFO 10184 --- [Emp-Service] [main] o.s.t.web.servlet.TestDispatcherServlet  : Initializing Servlet ''
2024-05-14T13:26:42.441+05:30  INFO 10184 --- [Emp-Service] [main] o.s.t.web.servlet.TestDispatcherServlet  : Completed initialization in 5 ms
2024-05-14T13:26:42.559+05:30  INFO 10184 --- [Emp-Service] [main] c.g.controller.EmployeeControllerTest    : Started EmployeeControllerTest in 7.201 seconds (process running for 9.826)
2024-05-14T13:26:43.138+05:30  INFO 10184 --- [Emp-Service] [main] c.girish.controller.EmployeeController   : EmployeeController - getByEmployeeId-id:29
2024-05-14T13:26:43.475+05:30  INFO 10184 --- [Emp-Service] [main] c.girish.controller.EmployeeController   : EmployeeController - getByEmployeeId-id:3
2024-05-14T13:32:03.627+05:30  INFO 11884 --- [Emp-Service] [main] c.g.controller.EmployeeControllerTest    : Starting EmployeeControllerTest using Java 17.0.9 with PID 11884 (started by GIRISH in D:\MyMicroservicesProjects\Emp-Service)
2024-05-14T13:32:03.637+05:30  INFO 11884 --- [Emp-Service] [main] c.g.controller.EmployeeControllerTest    : The following 1 profile is active: "dev"
2024-05-14T13:32:08.999+05:30  INFO 11884 --- [Emp-Service] [main] o.s.b.t.m.w.SpringBootMockServletContext : Initializing Spring TestDispatcherServlet ''
2024-05-14T13:32:09.005+05:30  INFO 11884 --- [Emp-Service] [main] o.s.t.web.servlet.TestDispatcherServlet  : Initializing Servlet ''
2024-05-14T13:32:09.012+05:30  INFO 11884 --- [Emp-Service] [main] o.s.t.web.servlet.TestDispatcherServlet  : Completed initialization in 4 ms
2024-05-14T13:32:09.107+05:30  INFO 11884 --- [Emp-Service] [main] c.g.controller.EmployeeControllerTest    : Started EmployeeControllerTest in 6.905 seconds (process running for 9.693)
2024-05-14T13:32:09.790+05:30  INFO 11884 --- [Emp-Service] [main] c.girish.controller.EmployeeController   : EmployeeController - getByEmployeeId-id:29
2024-05-14T13:32:10.072+05:30  INFO 11884 --- [Emp-Service] [main] c.girish.controller.EmployeeController   : EmployeeController - getByEmployeeId-id:3
2024-05-14T13:38:07.482+05:30  INFO 1960 --- [Emp-Service] [main] c.g.controller.EmployeeControllerTest    : Starting EmployeeControllerTest using Java 17.0.9 with PID 1960 (started by GIRISH in D:\MyMicroservicesProjects\Emp-Service)
2024-05-14T13:38:07.490+05:30  INFO 1960 --- [Emp-Service] [main] c.g.controller.EmployeeControllerTest    : The following 1 profile is active: "dev"
2024-05-14T13:38:13.060+05:30  INFO 1960 --- [Emp-Service] [main] o.s.b.t.m.w.SpringBootMockServletContext : Initializing Spring TestDispatcherServlet ''
2024-05-14T13:38:13.065+05:30  INFO 1960 --- [Emp-Service] [main] o.s.t.web.servlet.TestDispatcherServlet  : Initializing Servlet ''
2024-05-14T13:38:13.070+05:30  INFO 1960 --- [Emp-Service] [main] o.s.t.web.servlet.TestDispatcherServlet  : Completed initialization in 3 ms
2024-05-14T13:38:13.166+05:30  INFO 1960 --- [Emp-Service] [main] c.g.controller.EmployeeControllerTest    : Started EmployeeControllerTest in 7.157 seconds (process running for 10.147)
2024-05-14T13:38:13.632+05:30  INFO 1960 --- [Emp-Service] [main] c.girish.controller.EmployeeController   : EmployeeController - getByEmployeeId-id:29
2024-05-14T13:38:14.050+05:30  WARN 1960 --- [Emp-Service] [main] o.s.test.context.TestContextManager      : Caught exception while invoking 'afterTestMethod' callback on TestExecutionListener [org.springframework.boot.test.mock.mockito.ResetMocksTestExecutionListener] for test method [public void com.girish.controller.EmployeeControllerTest.getAllEmployeesTest() throws java.lang.Exception] and test instance [com.girish.controller.EmployeeControllerTest@fee881]

org.mockito.exceptions.misusing.UnfinishedVerificationException: 
Missing method call for verify(mock) here:
-> at com.girish.controller.EmployeeControllerTest.getAllEmployeesTest(EmployeeControllerTest.java:98)

Example of correct verification:
    verify(mock).doSomething()

Also, this error might show up because you verify either of: final/private/equals()/hashCode() methods.
Those methods *cannot* be stubbed/verified.
Mocking methods declared on non-public parent classes is not supported.

	at org.springframework.boot.test.mock.mockito.ResetMocksTestExecutionListener.resetMocks(ResetMocksTestExecutionListener.java:86) ~[spring-boot-test-3.2.5.jar:3.2.5]
	at org.springframework.boot.test.mock.mockito.ResetMocksTestExecutionListener.resetMocks(ResetMocksTestExecutionListener.java:73) ~[spring-boot-test-3.2.5.jar:3.2.5]
	at org.springframework.boot.test.mock.mockito.ResetMocksTestExecutionListener.afterTestMethod(ResetMocksTestExecutionListener.java:67) ~[spring-boot-test-3.2.5.jar:3.2.5]
	at org.springframework.test.context.TestContextManager.afterTestMethod(TestContextManager.java:487) ~[spring-test-6.1.6.jar:6.1.6]
	at org.springframework.test.context.junit.jupiter.SpringExtension.afterEach(SpringExtension.java:278) ~[spring-test-6.1.6.jar:6.1.6]
	at org.junit.jupiter.engine.descriptor.TestMethodTestDescriptor.lambda$invokeAfterEachCallbacks$12(TestMethodTestDescriptor.java:261) ~[junit-jupiter-engine-5.10.2.jar:5.10.2]
	at org.junit.jupiter.engine.descriptor.TestMethodTestDescriptor.lambda$invokeAllAfterMethodsOrCallbacks$13(TestMethodTestDescriptor.java:277) ~[junit-jupiter-engine-5.10.2.jar:5.10.2]
	at org.junit.platform.engine.support.hierarchical.ThrowableCollector.execute(ThrowableCollector.java:73) ~[junit-platform-engine-1.10.2.jar:1.10.2]
	at org.junit.jupiter.engine.descriptor.TestMethodTestDescriptor.lambda$invokeAllAfterMethodsOrCallbacks$14(TestMethodTestDescriptor.java:277) ~[junit-jupiter-engine-5.10.2.jar:5.10.2]
	at org.junit.platform.commons.util.CollectionUtils.forEachInReverseOrder(CollectionUtils.java:217) ~[junit-platform-commons-1.10.2.jar:1.10.2]
	at org.junit.jupiter.engine.descriptor.TestMethodTestDescriptor.invokeAllAfterMethodsOrCallbacks(TestMethodTestDescriptor.java:276) ~[junit-jupiter-engine-5.10.2.jar:5.10.2]
	at org.junit.jupiter.engine.descriptor.TestMethodTestDescriptor.invokeAfterEachCallbacks(TestMethodTestDescriptor.java:260) ~[junit-jupiter-engine-5.10.2.jar:5.10.2]
	at org.junit.jupiter.engine.descriptor.TestMethodTestDescriptor.execute(TestMethodTestDescriptor.java:145) ~[junit-jupiter-engine-5.10.2.jar:5.10.2]
	at org.junit.jupiter.engine.descriptor.TestMethodTestDescriptor.execute(TestMethodTestDescriptor.java:69) ~[junit-jupiter-engine-5.10.2.jar:5.10.2]
	at org.junit.platform.engine.support.hierarchical.NodeTestTask.lambda$executeRecursively$6(NodeTestTask.java:151) ~[junit-platform-engine-1.10.2.jar:1.10.2]
	at org.junit.platform.engine.support.hierarchical.ThrowableCollector.execute(ThrowableCollector.java:73) ~[junit-platform-engine-1.10.2.jar:1.10.2]
	at org.junit.platform.engine.support.hierarchical.NodeTestTask.lambda$executeRecursively$8(NodeTestTask.java:141) ~[junit-platform-engine-1.10.2.jar:1.10.2]
	at org.junit.platform.engine.support.hierarchical.Node.around(Node.java:137) ~[junit-platform-engine-1.10.2.jar:1.10.2]
	at org.junit.platform.engine.support.hierarchical.NodeTestTask.lambda$executeRecursively$9(NodeTestTask.java:139) ~[junit-platform-engine-1.10.2.jar:1.10.2]
	at org.junit.platform.engine.support.hierarchical.ThrowableCollector.execute(ThrowableCollector.java:73) ~[junit-platform-engine-1.10.2.jar:1.10.2]
	at org.junit.platform.engine.support.hierarchical.NodeTestTask.executeRecursively(NodeTestTask.java:138) ~[junit-platform-engine-1.10.2.jar:1.10.2]
	at org.junit.platform.engine.support.hierarchical.NodeTestTask.execute(NodeTestTask.java:95) ~[junit-platform-engine-1.10.2.jar:1.10.2]
	at java.base/java.util.ArrayList.forEach(ArrayList.java:1511) ~[na:na]
	at org.junit.platform.engine.support.hierarchical.SameThreadHierarchicalTestExecutorService.invokeAll(SameThreadHierarchicalTestExecutorService.java:41) ~[junit-platform-engine-1.10.2.jar:1.10.2]
	at org.junit.platform.engine.support.hierarchical.NodeTestTask.lambda$executeRecursively$6(NodeTestTask.java:155) ~[junit-platform-engine-1.10.2.jar:1.10.2]
	at org.junit.platform.engine.support.hierarchical.ThrowableCollector.execute(ThrowableCollector.java:73) ~[junit-platform-engine-1.10.2.jar:1.10.2]
	at org.junit.platform.engine.support.hierarchical.NodeTestTask.lambda$executeRecursively$8(NodeTestTask.java:141) ~[junit-platform-engine-1.10.2.jar:1.10.2]
	at org.junit.platform.engine.support.hierarchical.Node.around(Node.java:137) ~[junit-platform-engine-1.10.2.jar:1.10.2]
	at org.junit.platform.engine.support.hierarchical.NodeTestTask.lambda$executeRecursively$9(NodeTestTask.java:139) ~[junit-platform-engine-1.10.2.jar:1.10.2]
	at org.junit.platform.engine.support.hierarchical.ThrowableCollector.execute(ThrowableCollector.java:73) ~[junit-platform-engine-1.10.2.jar:1.10.2]
	at org.junit.platform.engine.support.hierarchical.NodeTestTask.executeRecursively(NodeTestTask.java:138) ~[junit-platform-engine-1.10.2.jar:1.10.2]
	at org.junit.platform.engine.support.hierarchical.NodeTestTask.execute(NodeTestTask.java:95) ~[junit-platform-engine-1.10.2.jar:1.10.2]
	at java.base/java.util.ArrayList.forEach(ArrayList.java:1511) ~[na:na]
	at org.junit.platform.engine.support.hierarchical.SameThreadHierarchicalTestExecutorService.invokeAll(SameThreadHierarchicalTestExecutorService.java:41) ~[junit-platform-engine-1.10.2.jar:1.10.2]
	at org.junit.platform.engine.support.hierarchical.NodeTestTask.lambda$executeRecursively$6(NodeTestTask.java:155) ~[junit-platform-engine-1.10.2.jar:1.10.2]
	at org.junit.platform.engine.support.hierarchical.ThrowableCollector.execute(ThrowableCollector.java:73) ~[junit-platform-engine-1.10.2.jar:1.10.2]
	at org.junit.platform.engine.support.hierarchical.NodeTestTask.lambda$executeRecursively$8(NodeTestTask.java:141) ~[junit-platform-engine-1.10.2.jar:1.10.2]
	at org.junit.platform.engine.support.hierarchical.Node.around(Node.java:137) ~[junit-platform-engine-1.10.2.jar:1.10.2]
	at org.junit.platform.engine.support.hierarchical.NodeTestTask.lambda$executeRecursively$9(NodeTestTask.java:139) ~[junit-platform-engine-1.10.2.jar:1.10.2]
	at org.junit.platform.engine.support.hierarchical.ThrowableCollector.execute(ThrowableCollector.java:73) ~[junit-platform-engine-1.10.2.jar:1.10.2]
	at org.junit.platform.engine.support.hierarchical.NodeTestTask.executeRecursively(NodeTestTask.java:138) ~[junit-platform-engine-1.10.2.jar:1.10.2]
	at org.junit.platform.engine.support.hierarchical.NodeTestTask.execute(NodeTestTask.java:95) ~[junit-platform-engine-1.10.2.jar:1.10.2]
	at org.junit.platform.engine.support.hierarchical.SameThreadHierarchicalTestExecutorService.submit(SameThreadHierarchicalTestExecutorService.java:35) ~[junit-platform-engine-1.10.2.jar:1.10.2]
	at org.junit.platform.engine.support.hierarchical.HierarchicalTestExecutor.execute(HierarchicalTestExecutor.java:57) ~[junit-platform-engine-1.10.2.jar:1.10.2]
	at org.junit.platform.engine.support.hierarchical.HierarchicalTestEngine.execute(HierarchicalTestEngine.java:54) ~[junit-platform-engine-1.10.2.jar:1.10.2]
	at org.junit.platform.launcher.core.EngineExecutionOrchestrator.execute(EngineExecutionOrchestrator.java:198) ~[.cp/:na]
	at org.junit.platform.launcher.core.EngineExecutionOrchestrator.execute(EngineExecutionOrchestrator.java:169) ~[.cp/:na]
	at org.junit.platform.launcher.core.EngineExecutionOrchestrator.execute(EngineExecutionOrchestrator.java:93) ~[.cp/:na]
	at org.junit.platform.launcher.core.EngineExecutionOrchestrator.lambda$execute$0(EngineExecutionOrchestrator.java:58) ~[.cp/:na]
	at org.junit.platform.launcher.core.EngineExecutionOrchestrator.withInterceptedStreams(EngineExecutionOrchestrator.java:141) ~[.cp/:na]
	at org.junit.platform.launcher.core.EngineExecutionOrchestrator.execute(EngineExecutionOrchestrator.java:57) ~[.cp/:na]
	at org.junit.platform.launcher.core.DefaultLauncher.execute(DefaultLauncher.java:103) ~[.cp/:na]
	at org.junit.platform.launcher.core.DefaultLauncher.execute(DefaultLauncher.java:94) ~[.cp/:na]
	at org.junit.platform.launcher.core.DelegatingLauncher.execute(DelegatingLauncher.java:52) ~[.cp/:na]
	at org.junit.platform.launcher.core.SessionPerRequestLauncher.execute(SessionPerRequestLauncher.java:70) ~[.cp/:na]
	at org.eclipse.jdt.internal.junit5.runner.JUnit5TestReference.run(JUnit5TestReference.java:100) ~[.cp/:na]
	at org.eclipse.jdt.internal.junit.runner.TestExecution.run(TestExecution.java:40) ~[.cp/:na]
	at org.eclipse.jdt.internal.junit.runner.RemoteTestRunner.runTests(RemoteTestRunner.java:529) ~[.cp/:na]
	at org.eclipse.jdt.internal.junit.runner.RemoteTestRunner.runTests(RemoteTestRunner.java:757) ~[.cp/:na]
	at org.eclipse.jdt.internal.junit.runner.RemoteTestRunner.run(RemoteTestRunner.java:452) ~[.cp/:na]
	at org.eclipse.jdt.internal.junit.runner.RemoteTestRunner.main(RemoteTestRunner.java:210) ~[.cp/:na]

2024-05-14T13:38:14.204+05:30  INFO 1960 --- [Emp-Service] [main] c.girish.controller.EmployeeController   : EmployeeController - getByEmployeeId-id:3
2024-05-14T13:39:44.273+05:30  INFO 15260 --- [Emp-Service] [main] c.g.controller.EmployeeControllerTest    : Starting EmployeeControllerTest using Java 17.0.9 with PID 15260 (started by GIRISH in D:\MyMicroservicesProjects\Emp-Service)
2024-05-14T13:39:44.284+05:30  INFO 15260 --- [Emp-Service] [main] c.g.controller.EmployeeControllerTest    : The following 1 profile is active: "dev"
2024-05-14T13:39:50.064+05:30  INFO 15260 --- [Emp-Service] [main] o.s.b.t.m.w.SpringBootMockServletContext : Initializing Spring TestDispatcherServlet ''
2024-05-14T13:39:50.065+05:30  INFO 15260 --- [Emp-Service] [main] o.s.t.web.servlet.TestDispatcherServlet  : Initializing Servlet ''
2024-05-14T13:39:50.074+05:30  INFO 15260 --- [Emp-Service] [main] o.s.t.web.servlet.TestDispatcherServlet  : Completed initialization in 6 ms
2024-05-14T13:39:50.157+05:30  INFO 15260 --- [Emp-Service] [main] c.g.controller.EmployeeControllerTest    : Started EmployeeControllerTest in 7.812 seconds (process running for 11.939)
2024-05-14T13:39:50.543+05:30  INFO 15260 --- [Emp-Service] [main] c.girish.controller.EmployeeController   : EmployeeController - getByEmployeeId-id:29
2024-05-14T13:39:51.039+05:30  INFO 15260 --- [Emp-Service] [main] c.girish.controller.EmployeeController   : EmployeeController - getByEmployeeId-id:3
2024-05-14T13:49:10.781+05:30  INFO 13120 --- [Emp-Service] [main] c.g.controller.EmployeeControllerTest    : Starting EmployeeControllerTest using Java 17.0.9 with PID 13120 (started by GIRISH in D:\MyMicroservicesProjects\Emp-Service)
2024-05-14T13:49:10.792+05:30  INFO 13120 --- [Emp-Service] [main] c.g.controller.EmployeeControllerTest    : The following 1 profile is active: "dev"
2024-05-14T13:49:17.449+05:30  INFO 13120 --- [Emp-Service] [main] o.s.b.t.m.w.SpringBootMockServletContext : Initializing Spring TestDispatcherServlet ''
2024-05-14T13:49:17.450+05:30  INFO 13120 --- [Emp-Service] [main] o.s.t.web.servlet.TestDispatcherServlet  : Initializing Servlet ''
2024-05-14T13:49:17.461+05:30  INFO 13120 --- [Emp-Service] [main] o.s.t.web.servlet.TestDispatcherServlet  : Completed initialization in 7 ms
2024-05-14T13:49:17.554+05:30  INFO 13120 --- [Emp-Service] [main] c.g.controller.EmployeeControllerTest    : Started EmployeeControllerTest in 8.276 seconds (process running for 11.015)
2024-05-14T13:49:17.966+05:30  INFO 13120 --- [Emp-Service] [main] c.girish.controller.EmployeeController   : EmployeeController - getByEmployeeId-id:29
2024-05-14T13:49:18.516+05:30  INFO 13120 --- [Emp-Service] [main] c.girish.controller.EmployeeController   : EmployeeController - getByEmployeeId-id:3
2024-05-14T13:49:18.691+05:30  INFO 13120 --- [Emp-Service] [main] c.girish.controller.EmployeeController   : EmployeeController - updateEmployee-id:30
2024-05-14T13:50:28.695+05:30  INFO 13548 --- [Emp-Service] [main] c.g.controller.EmployeeControllerTest    : Starting EmployeeControllerTest using Java 17.0.9 with PID 13548 (started by GIRISH in D:\MyMicroservicesProjects\Emp-Service)
2024-05-14T13:50:28.704+05:30  INFO 13548 --- [Emp-Service] [main] c.g.controller.EmployeeControllerTest    : The following 1 profile is active: "dev"
2024-05-14T13:50:34.412+05:30  INFO 13548 --- [Emp-Service] [main] o.s.b.t.m.w.SpringBootMockServletContext : Initializing Spring TestDispatcherServlet ''
2024-05-14T13:50:34.419+05:30  INFO 13548 --- [Emp-Service] [main] o.s.t.web.servlet.TestDispatcherServlet  : Initializing Servlet ''
2024-05-14T13:50:34.424+05:30  INFO 13548 --- [Emp-Service] [main] o.s.t.web.servlet.TestDispatcherServlet  : Completed initialization in 3 ms
2024-05-14T13:50:34.513+05:30  INFO 13548 --- [Emp-Service] [main] c.g.controller.EmployeeControllerTest    : Started EmployeeControllerTest in 7.218 seconds (process running for 10.203)
2024-05-14T13:50:34.982+05:30  INFO 13548 --- [Emp-Service] [main] c.girish.controller.EmployeeController   : EmployeeController - getByEmployeeId-id:29
2024-05-14T13:50:35.560+05:30  INFO 13548 --- [Emp-Service] [main] c.girish.controller.EmployeeController   : EmployeeController - getByEmployeeId-id:3
2024-05-14T13:50:35.717+05:30  INFO 13548 --- [Emp-Service] [main] c.girish.controller.EmployeeController   : EmployeeController - updateEmployee-id:4
2024-05-14T13:51:08.085+05:30  INFO 1336 --- [Emp-Service] [main] c.g.controller.EmployeeControllerTest    : Starting EmployeeControllerTest using Java 17.0.9 with PID 1336 (started by GIRISH in D:\MyMicroservicesProjects\Emp-Service)
2024-05-14T13:51:08.096+05:30  INFO 1336 --- [Emp-Service] [main] c.g.controller.EmployeeControllerTest    : The following 1 profile is active: "dev"
2024-05-14T13:51:13.647+05:30  INFO 1336 --- [Emp-Service] [main] o.s.b.t.m.w.SpringBootMockServletContext : Initializing Spring TestDispatcherServlet ''
2024-05-14T13:51:13.653+05:30  INFO 1336 --- [Emp-Service] [main] o.s.t.web.servlet.TestDispatcherServlet  : Initializing Servlet ''
2024-05-14T13:51:13.660+05:30  INFO 1336 --- [Emp-Service] [main] o.s.t.web.servlet.TestDispatcherServlet  : Completed initialization in 5 ms
2024-05-14T13:51:13.748+05:30  INFO 1336 --- [Emp-Service] [main] c.g.controller.EmployeeControllerTest    : Started EmployeeControllerTest in 7.144 seconds (process running for 9.993)
2024-05-14T13:51:14.217+05:30  INFO 1336 --- [Emp-Service] [main] c.girish.controller.EmployeeController   : EmployeeController - getByEmployeeId-id:29
2024-05-14T13:51:14.727+05:30  INFO 1336 --- [Emp-Service] [main] c.girish.controller.EmployeeController   : EmployeeController - getByEmployeeId-id:3
2024-05-14T13:51:14.901+05:30  INFO 1336 --- [Emp-Service] [main] c.girish.controller.EmployeeController   : EmployeeController - updateEmployee-id:2
2024-05-14T13:52:39.879+05:30  INFO 12232 --- [Emp-Service] [main] c.g.controller.EmployeeControllerTest    : Starting EmployeeControllerTest using Java 17.0.9 with PID 12232 (started by GIRISH in D:\MyMicroservicesProjects\Emp-Service)
2024-05-14T13:52:39.888+05:30  INFO 12232 --- [Emp-Service] [main] c.g.controller.EmployeeControllerTest    : The following 1 profile is active: "dev"
2024-05-14T13:52:45.478+05:30  INFO 12232 --- [Emp-Service] [main] o.s.b.t.m.w.SpringBootMockServletContext : Initializing Spring TestDispatcherServlet ''
2024-05-14T13:52:45.484+05:30  INFO 12232 --- [Emp-Service] [main] o.s.t.web.servlet.TestDispatcherServlet  : Initializing Servlet ''
2024-05-14T13:52:45.489+05:30  INFO 12232 --- [Emp-Service] [main] o.s.t.web.servlet.TestDispatcherServlet  : Completed initialization in 3 ms
2024-05-14T13:52:45.584+05:30  INFO 12232 --- [Emp-Service] [main] c.g.controller.EmployeeControllerTest    : Started EmployeeControllerTest in 7.143 seconds (process running for 9.969)
2024-05-14T13:52:46.050+05:30  INFO 12232 --- [Emp-Service] [main] c.girish.controller.EmployeeController   : EmployeeController - getByEmployeeId-id:29
2024-05-14T13:52:46.516+05:30  INFO 12232 --- [Emp-Service] [main] c.girish.controller.EmployeeController   : EmployeeController - getByEmployeeId-id:3
2024-05-14T13:52:46.673+05:30  INFO 12232 --- [Emp-Service] [main] c.girish.controller.EmployeeController   : EmployeeController - updateEmployee-id:2
2024-05-14T13:54:59.111+05:30  INFO 10636 --- [Emp-Service] [main] c.g.controller.EmployeeControllerTest    : Starting EmployeeControllerTest using Java 17.0.9 with PID 10636 (started by GIRISH in D:\MyMicroservicesProjects\Emp-Service)
2024-05-14T13:54:59.122+05:30  INFO 10636 --- [Emp-Service] [main] c.g.controller.EmployeeControllerTest    : The following 1 profile is active: "dev"
2024-05-14T13:55:04.805+05:30  INFO 10636 --- [Emp-Service] [main] o.s.b.t.m.w.SpringBootMockServletContext : Initializing Spring TestDispatcherServlet ''
2024-05-14T13:55:04.812+05:30  INFO 10636 --- [Emp-Service] [main] o.s.t.web.servlet.TestDispatcherServlet  : Initializing Servlet ''
2024-05-14T13:55:04.834+05:30  INFO 10636 --- [Emp-Service] [main] o.s.t.web.servlet.TestDispatcherServlet  : Completed initialization in 19 ms
2024-05-14T13:55:04.940+05:30  INFO 10636 --- [Emp-Service] [main] c.g.controller.EmployeeControllerTest    : Started EmployeeControllerTest in 7.298 seconds (process running for 10.11)
2024-05-14T13:55:05.351+05:30  INFO 10636 --- [Emp-Service] [main] c.girish.controller.EmployeeController   : EmployeeController - getByEmployeeId-id:29
2024-05-14T13:55:05.881+05:30  INFO 10636 --- [Emp-Service] [main] c.girish.controller.EmployeeController   : EmployeeController - getByEmployeeId-id:3
2024-05-14T13:55:06.051+05:30  INFO 10636 --- [Emp-Service] [main] c.girish.controller.EmployeeController   : EmployeeController - updateEmployee-id:2
2024-05-14T13:56:48.227+05:30  INFO 14376 --- [Emp-Service] [main] c.g.controller.EmployeeControllerTest    : Starting EmployeeControllerTest using Java 17.0.9 with PID 14376 (started by GIRISH in D:\MyMicroservicesProjects\Emp-Service)
2024-05-14T13:56:48.237+05:30  INFO 14376 --- [Emp-Service] [main] c.g.controller.EmployeeControllerTest    : The following 1 profile is active: "dev"
2024-05-14T13:56:53.768+05:30  INFO 14376 --- [Emp-Service] [main] o.s.b.t.m.w.SpringBootMockServletContext : Initializing Spring TestDispatcherServlet ''
2024-05-14T13:56:53.774+05:30  INFO 14376 --- [Emp-Service] [main] o.s.t.web.servlet.TestDispatcherServlet  : Initializing Servlet ''
2024-05-14T13:56:53.778+05:30  INFO 14376 --- [Emp-Service] [main] o.s.t.web.servlet.TestDispatcherServlet  : Completed initialization in 4 ms
2024-05-14T13:56:53.877+05:30  INFO 14376 --- [Emp-Service] [main] c.g.controller.EmployeeControllerTest    : Started EmployeeControllerTest in 7.088 seconds (process running for 10.091)
2024-05-14T13:56:54.369+05:30  INFO 14376 --- [Emp-Service] [main] c.girish.controller.EmployeeController   : EmployeeController - getByEmployeeId-id:29
2024-05-14T13:56:54.974+05:30  INFO 14376 --- [Emp-Service] [main] c.girish.controller.EmployeeController   : EmployeeController - getByEmployeeId-id:3
2024-05-14T13:56:55.162+05:30  INFO 14376 --- [Emp-Service] [main] c.girish.controller.EmployeeController   : EmployeeController - updateEmployee-id:0
2024-05-14T13:59:32.393+05:30  INFO 15096 --- [Emp-Service] [main] c.g.controller.EmployeeControllerTest    : Starting EmployeeControllerTest using Java 17.0.9 with PID 15096 (started by GIRISH in D:\MyMicroservicesProjects\Emp-Service)
2024-05-14T13:59:32.400+05:30  INFO 15096 --- [Emp-Service] [main] c.g.controller.EmployeeControllerTest    : The following 1 profile is active: "dev"
2024-05-14T13:59:37.893+05:30  INFO 15096 --- [Emp-Service] [main] o.s.b.t.m.w.SpringBootMockServletContext : Initializing Spring TestDispatcherServlet ''
2024-05-14T13:59:37.899+05:30  INFO 15096 --- [Emp-Service] [main] o.s.t.web.servlet.TestDispatcherServlet  : Initializing Servlet ''
2024-05-14T13:59:37.904+05:30  INFO 15096 --- [Emp-Service] [main] o.s.t.web.servlet.TestDispatcherServlet  : Completed initialization in 5 ms
2024-05-14T13:59:38.005+05:30  INFO 15096 --- [Emp-Service] [main] c.g.controller.EmployeeControllerTest    : Started EmployeeControllerTest in 7.052 seconds (process running for 9.794)
2024-05-14T13:59:38.453+05:30  INFO 15096 --- [Emp-Service] [main] c.girish.controller.EmployeeController   : EmployeeController - getByEmployeeId-id:29
2024-05-14T13:59:38.925+05:30  INFO 15096 --- [Emp-Service] [main] c.girish.controller.EmployeeController   : EmployeeController - getByEmployeeId-id:3
2024-05-14T13:59:39.098+05:30  INFO 15096 --- [Emp-Service] [main] c.girish.controller.EmployeeController   : EmployeeController - updateEmployee-id:2
2024-05-14T14:01:15.099+05:30  INFO 12488 --- [Emp-Service] [main] c.g.controller.EmployeeControllerTest    : Starting EmployeeControllerTest using Java 17.0.9 with PID 12488 (started by GIRISH in D:\MyMicroservicesProjects\Emp-Service)
2024-05-14T14:01:15.106+05:30  INFO 12488 --- [Emp-Service] [main] c.g.controller.EmployeeControllerTest    : The following 1 profile is active: "dev"
2024-05-14T14:01:20.795+05:30  INFO 12488 --- [Emp-Service] [main] o.s.b.t.m.w.SpringBootMockServletContext : Initializing Spring TestDispatcherServlet ''
2024-05-14T14:01:20.801+05:30  INFO 12488 --- [Emp-Service] [main] o.s.t.web.servlet.TestDispatcherServlet  : Initializing Servlet ''
2024-05-14T14:01:20.805+05:30  INFO 12488 --- [Emp-Service] [main] o.s.t.web.servlet.TestDispatcherServlet  : Completed initialization in 2 ms
2024-05-14T14:01:20.911+05:30  INFO 12488 --- [Emp-Service] [main] c.g.controller.EmployeeControllerTest    : Started EmployeeControllerTest in 7.284 seconds (process running for 9.982)
2024-05-14T14:01:21.388+05:30  INFO 12488 --- [Emp-Service] [main] c.girish.controller.EmployeeController   : EmployeeController - getByEmployeeId-id:29
2024-05-14T14:01:21.898+05:30  INFO 12488 --- [Emp-Service] [main] c.girish.controller.EmployeeController   : EmployeeController - getByEmployeeId-id:3
2024-05-14T14:01:22.067+05:30  INFO 12488 --- [Emp-Service] [main] c.girish.controller.EmployeeController   : EmployeeController - updateEmployee-id:2
2024-05-14T14:05:48.898+05:30  INFO 11756 --- [Emp-Service] [main] c.g.controller.EmployeeControllerTest    : Starting EmployeeControllerTest using Java 17.0.9 with PID 11756 (started by GIRISH in D:\MyMicroservicesProjects\Emp-Service)
2024-05-14T14:05:48.913+05:30  INFO 11756 --- [Emp-Service] [main] c.g.controller.EmployeeControllerTest    : The following 1 profile is active: "dev"
2024-05-14T14:05:54.407+05:30  INFO 11756 --- [Emp-Service] [main] o.s.b.t.m.w.SpringBootMockServletContext : Initializing Spring TestDispatcherServlet ''
2024-05-14T14:05:54.412+05:30  INFO 11756 --- [Emp-Service] [main] o.s.t.web.servlet.TestDispatcherServlet  : Initializing Servlet ''
2024-05-14T14:05:54.420+05:30  INFO 11756 --- [Emp-Service] [main] o.s.t.web.servlet.TestDispatcherServlet  : Completed initialization in 6 ms
2024-05-14T14:05:54.511+05:30  INFO 11756 --- [Emp-Service] [main] c.g.controller.EmployeeControllerTest    : Started EmployeeControllerTest in 7.105 seconds (process running for 9.796)
2024-05-14T14:05:55.002+05:30  INFO 11756 --- [Emp-Service] [main] c.girish.controller.EmployeeController   : EmployeeController - getByEmployeeId-id:29
2024-05-14T14:05:55.460+05:30  INFO 11756 --- [Emp-Service] [main] c.girish.controller.EmployeeController   : EmployeeController - getByEmployeeId-id:3
2024-05-14T14:07:32.619+05:30  INFO 4696 --- [Emp-Service] [main] c.g.controller.EmployeeControllerTest    : Starting EmployeeControllerTest using Java 17.0.9 with PID 4696 (started by GIRISH in D:\MyMicroservicesProjects\Emp-Service)
2024-05-14T14:07:32.629+05:30  INFO 4696 --- [Emp-Service] [main] c.g.controller.EmployeeControllerTest    : The following 1 profile is active: "dev"
2024-05-14T14:07:38.341+05:30  INFO 4696 --- [Emp-Service] [main] o.s.b.t.m.w.SpringBootMockServletContext : Initializing Spring TestDispatcherServlet ''
2024-05-14T14:07:38.348+05:30  INFO 4696 --- [Emp-Service] [main] o.s.t.web.servlet.TestDispatcherServlet  : Initializing Servlet ''
2024-05-14T14:07:38.354+05:30  INFO 4696 --- [Emp-Service] [main] o.s.t.web.servlet.TestDispatcherServlet  : Completed initialization in 6 ms
2024-05-14T14:07:38.444+05:30  INFO 4696 --- [Emp-Service] [main] c.g.controller.EmployeeControllerTest    : Started EmployeeControllerTest in 7.314 seconds (process running for 10.056)
2024-05-14T14:07:38.859+05:30  INFO 4696 --- [Emp-Service] [main] c.girish.controller.EmployeeController   : EmployeeController - getByEmployeeId-id:29
2024-05-14T14:07:39.381+05:30  INFO 4696 --- [Emp-Service] [main] c.girish.controller.EmployeeController   : EmployeeController - getByEmployeeId-id:3
2024-05-14T14:07:39.530+05:30  INFO 4696 --- [Emp-Service] [main] c.girish.controller.EmployeeController   : EmployeeController - updateEmployee-id:2
2024-05-14T14:09:48.611+05:30  INFO 9280 --- [Emp-Service] [main] c.g.controller.EmployeeControllerTest    : Starting EmployeeControllerTest using Java 17.0.9 with PID 9280 (started by GIRISH in D:\MyMicroservicesProjects\Emp-Service)
2024-05-14T14:09:48.621+05:30  INFO 9280 --- [Emp-Service] [main] c.g.controller.EmployeeControllerTest    : The following 1 profile is active: "dev"
2024-05-14T14:09:53.986+05:30  INFO 9280 --- [Emp-Service] [main] o.s.b.t.m.w.SpringBootMockServletContext : Initializing Spring TestDispatcherServlet ''
2024-05-14T14:09:53.992+05:30  INFO 9280 --- [Emp-Service] [main] o.s.t.web.servlet.TestDispatcherServlet  : Initializing Servlet ''
2024-05-14T14:09:53.999+05:30  INFO 9280 --- [Emp-Service] [main] o.s.t.web.servlet.TestDispatcherServlet  : Completed initialization in 5 ms
2024-05-14T14:09:54.093+05:30  INFO 9280 --- [Emp-Service] [main] c.g.controller.EmployeeControllerTest    : Started EmployeeControllerTest in 6.921 seconds (process running for 9.645)
2024-05-14T14:09:54.510+05:30  INFO 9280 --- [Emp-Service] [main] c.girish.controller.EmployeeController   : EmployeeController - getByEmployeeId-id:29
2024-05-14T14:09:54.967+05:30  INFO 9280 --- [Emp-Service] [main] c.girish.controller.EmployeeController   : EmployeeController - getByEmployeeId-id:3
2024-05-14T14:09:55.112+05:30  INFO 9280 --- [Emp-Service] [main] c.girish.controller.EmployeeController   : EmployeeController - updateEmployee-id:2
2024-05-14T14:12:21.217+05:30  INFO 11792 --- [Emp-Service] [main] c.g.controller.EmployeeControllerTest    : Starting EmployeeControllerTest using Java 17.0.9 with PID 11792 (started by GIRISH in D:\MyMicroservicesProjects\Emp-Service)
2024-05-14T14:12:21.244+05:30  INFO 11792 --- [Emp-Service] [main] c.g.controller.EmployeeControllerTest    : The following 1 profile is active: "dev"
2024-05-14T14:12:26.897+05:30  INFO 11792 --- [Emp-Service] [main] o.s.b.t.m.w.SpringBootMockServletContext : Initializing Spring TestDispatcherServlet ''
2024-05-14T14:12:26.902+05:30  INFO 11792 --- [Emp-Service] [main] o.s.t.web.servlet.TestDispatcherServlet  : Initializing Servlet ''
2024-05-14T14:12:26.906+05:30  INFO 11792 --- [Emp-Service] [main] o.s.t.web.servlet.TestDispatcherServlet  : Completed initialization in 3 ms
2024-05-14T14:12:27.016+05:30  INFO 11792 --- [Emp-Service] [main] c.g.controller.EmployeeControllerTest    : Started EmployeeControllerTest in 7.296 seconds (process running for 10.084)
2024-05-14T14:12:27.427+05:30  INFO 11792 --- [Emp-Service] [main] c.girish.controller.EmployeeController   : EmployeeController - getByEmployeeId-id:29
2024-05-14T14:12:27.975+05:30  INFO 11792 --- [Emp-Service] [main] c.girish.controller.EmployeeController   : EmployeeController - getByEmployeeId-id:3
2024-05-14T14:12:28.319+05:30  INFO 11792 --- [Emp-Service] [main] c.girish.controller.EmployeeController   : EmployeeController - updateEmployee-id:2
2024-05-14T14:16:56.856+05:30  INFO 5036 --- [Emp-Service] [main] c.g.controller.EmployeeControllerTest    : Starting EmployeeControllerTest using Java 17.0.9 with PID 5036 (started by GIRISH in D:\MyMicroservicesProjects\Emp-Service)
2024-05-14T14:16:56.868+05:30  INFO 5036 --- [Emp-Service] [main] c.g.controller.EmployeeControllerTest    : The following 1 profile is active: "dev"
2024-05-14T14:17:02.262+05:30  INFO 5036 --- [Emp-Service] [main] o.s.b.t.m.w.SpringBootMockServletContext : Initializing Spring TestDispatcherServlet ''
2024-05-14T14:17:02.268+05:30  INFO 5036 --- [Emp-Service] [main] o.s.t.web.servlet.TestDispatcherServlet  : Initializing Servlet ''
2024-05-14T14:17:02.275+05:30  INFO 5036 --- [Emp-Service] [main] o.s.t.web.servlet.TestDispatcherServlet  : Completed initialization in 7 ms
2024-05-14T14:17:02.365+05:30  INFO 5036 --- [Emp-Service] [main] c.g.controller.EmployeeControllerTest    : Started EmployeeControllerTest in 6.989 seconds (process running for 10.263)
2024-05-14T14:17:02.735+05:30  INFO 5036 --- [Emp-Service] [main] c.girish.controller.EmployeeController   : EmployeeController - deleteEmployee-id:2
2024-05-14T14:17:03.096+05:30  INFO 5036 --- [Emp-Service] [main] c.girish.controller.EmployeeController   : EmployeeController - getByEmployeeId-id:29
2024-05-14T14:17:03.412+05:30  INFO 5036 --- [Emp-Service] [main] c.girish.controller.EmployeeController   : EmployeeController - getByEmployeeId-id:3
2024-05-14T14:17:51.880+05:30  INFO 13520 --- [Emp-Service] [main] c.g.controller.EmployeeControllerTest    : Starting EmployeeControllerTest using Java 17.0.9 with PID 13520 (started by GIRISH in D:\MyMicroservicesProjects\Emp-Service)
2024-05-14T14:17:51.886+05:30  INFO 13520 --- [Emp-Service] [main] c.g.controller.EmployeeControllerTest    : The following 1 profile is active: "dev"
2024-05-14T14:17:57.555+05:30  INFO 13520 --- [Emp-Service] [main] o.s.b.t.m.w.SpringBootMockServletContext : Initializing Spring TestDispatcherServlet ''
2024-05-14T14:17:57.560+05:30  INFO 13520 --- [Emp-Service] [main] o.s.t.web.servlet.TestDispatcherServlet  : Initializing Servlet ''
2024-05-14T14:17:57.574+05:30  INFO 13520 --- [Emp-Service] [main] o.s.t.web.servlet.TestDispatcherServlet  : Completed initialization in 11 ms
2024-05-14T14:17:57.674+05:30  INFO 13520 --- [Emp-Service] [main] c.g.controller.EmployeeControllerTest    : Started EmployeeControllerTest in 7.208 seconds (process running for 9.926)
2024-05-14T14:17:58.103+05:30  INFO 13520 --- [Emp-Service] [main] c.girish.controller.EmployeeController   : EmployeeController - getByEmployeeId-id:29
2024-05-14T14:17:58.572+05:30  INFO 13520 --- [Emp-Service] [main] c.girish.controller.EmployeeController   : EmployeeController - getByEmployeeId-id:3
